# Docker Configuration Changes Progress Log

## Completed Tasks
- [x] Changed project name from "supabase" to "ADS-BaaS" in docker-compose.yml

## Pending Tasks
- [ ] Update all container names from supabase-* to ads-* (if needed)
- [ ] Review and update network configurations
- [ ] Review and update volume paths
- [ ] Review and update environment variables
- [ ] Update service dependencies
- [ ] Review and update health checks
- [ ] Document any port conflicts or changes needed
- [ ] Test configuration changes
- [ ] Create backup/rollback plan

## Notes
- Initial change of project name completed on 2/15/2025 10:38:59 AM
- Awaiting further instructions for additional changes

## Git Changes
- [ ] Stage changes (git add)
- [ ] Commit changes with descriptive message
- [ ] Push changes to repository
